<?xml version="1.0" encoding="UTF-8"?>
<!-- Generated by org.testng.reporters.JUnitReportReporter -->
<testsuite skipped="0" hostname="DESKTOP-8GLICHI" name="com.javacodegeeks.testng.selenium.TestNGSeleniumBrowserCfgExample" tests="17" failures="0" timestamp="2020-10-21T07:39:13 ICT" time="86.949" errors="0">
  <testcase name="searchGoogleSpecial" time="5.232" classname="com.javacodegeeks.testng.selenium.TestNGSeleniumBrowserCfgExample"/>
  <system-out/>
  <testcase name="Google" time="4.191" classname="com.javacodegeeks.testng.selenium.TestNGSeleniumBrowserCfgExample"/>
  <system-out/>
  <testcase name="getAttribute_ButtonLabel" time="4.642" classname="com.javacodegeeks.testng.selenium.TestNGSeleniumBrowserCfgExample"/>
  <system-out/>
  <testcase name="getAttribute_value" time="4.175" classname="com.javacodegeeks.testng.selenium.TestNGSeleniumBrowserCfgExample"/>
  <system-out/>
  <testcase name="searchGoogle" time="5.942" classname="com.javacodegeeks.testng.selenium.TestNGSeleniumBrowserCfgExample"/>
  <system-out/>
  <testcase name="getAttribute_ButtonName" time="5.184" classname="com.javacodegeeks.testng.selenium.TestNGSeleniumBrowserCfgExample"/>
  <system-out/>
  <testcase name="getAttribute_ButtonOpenFirst_Class" time="4.051" classname="com.javacodegeeks.testng.selenium.TestNGSeleniumBrowserCfgExample"/>
  <system-out/>
  <testcase name="GoogleEnghlish_ButtonOpenFirst" time="5.218" classname="com.javacodegeeks.testng.selenium.TestNGSeleniumBrowserCfgExample"/>
  <system-out/>
  <testcase name="searchGoogleNumber" time="5.494" classname="com.javacodegeeks.testng.selenium.TestNGSeleniumBrowserCfgExample"/>
  <system-out/>
  <testcase name="getAttribute_ButtonOpenFirst_Value" time="6.195" classname="com.javacodegeeks.testng.selenium.TestNGSeleniumBrowserCfgExample"/>
  <system-out/>
  <testcase name="searchGoogle" time="5.738" classname="com.javacodegeeks.testng.selenium.TestNGSeleniumBrowserCfgExample"/>
  <system-out/>
  <testcase name="getAttribute_Id" time="6.462" classname="com.javacodegeeks.testng.selenium.TestNGSeleniumBrowserCfgExample"/>
  <system-out/>
  <testcase name="getAttribute_class" time="4.730" classname="com.javacodegeeks.testng.selenium.TestNGSeleniumBrowserCfgExample"/>
  <system-out/>
  <testcase name="getAttribute_InvalidAttribute" time="4.715" classname="com.javacodegeeks.testng.selenium.TestNGSeleniumBrowserCfgExample"/>
  <system-out/>
  <testcase name="getAttribute_ButtonOpenFirst_Label" time="4.346" classname="com.javacodegeeks.testng.selenium.TestNGSeleniumBrowserCfgExample"/>
  <system-out/>
  <testcase name="searchGoogleCharacters" time="5.530" classname="com.javacodegeeks.testng.selenium.TestNGSeleniumBrowserCfgExample"/>
  <system-out/>
  <testcase name="GoogleEnghlish_ButtonSearch" time="5.104" classname="com.javacodegeeks.testng.selenium.TestNGSeleniumBrowserCfgExample"/>
  <system-out/>
</testsuite> <!-- com.javacodegeeks.testng.selenium.TestNGSeleniumBrowserCfgExample -->
